*** Using Compiler 'V5.06 update 7 (build 960)', folder: 'C:\Keil_v5\ARM\ARMCC\Bin'
Build target 'Target 1'
assembling startup_stm32f10x_ld.s...
compiling port.c...
compiling adc.c...
compiling delay.c...
compiling usart.c...
compiling BallbotRemote_ArmV5.c...
compiling GUI.c...
compiling sys.c...
compiling spi.c...
compiling systick.c...
compiling stmflash.c...
compiling timer.c...
compiling lcd.c...
compiling exti.c...
linking...
Program Size: Code=9606 RO-data=4958 RW-data=132 ZI-data=2356  
".\Objects\BallbotRemote_arm.axf" - 0 Error(s), 0 Warning(s).
Build Time Elapsed:  00:00:02
